2023/05/08 16:13:05 [error] [php] Declaration of Post::Insert($table, $fieldArray) should be compatible with CActiveRecord::insert($attributes = NULL) (D:\xampp7\htdocs\yiidemo\blog\protected\models\Post.php:14)
Stack trace:
#0 D:\xampp7\htdocs\yiidemo\framework\YiiBase.php(463): include()
#1 unknown(0): autoload()
#2 D:\xampp7\htdocs\yiidemo\blog\protected\controllers\PostController.php(120): spl_autoload_call()
#3 D:\xampp7\htdocs\yiidemo\framework\web\actions\CInlineAction.php(49): PostController->actionIndex()
#4 D:\xampp7\htdocs\yiidemo\framework\web\CController.php(308): CInlineAction->runWithParams()
#5 D:\xampp7\htdocs\yiidemo\framework\web\filters\CFilterChain.php(134): PostController->runAction()
#6 D:\xampp7\htdocs\yiidemo\framework\web\filters\CFilter.php(40): CFilterChain->run()
#7 D:\xampp7\htdocs\yiidemo\framework\web\CController.php(1148): CAccessControlFilter->filter()
#8 D:\xampp7\htdocs\yiidemo\framework\web\filters\CInlineFilter.php(58): PostController->filterAccessControl()
#9 D:\xampp7\htdocs\yiidemo\framework\web\filters\CFilterChain.php(131): CInlineFilter->filter()
#10 D:\xampp7\htdocs\yiidemo\framework\web\CController.php(291): CFilterChain->run()
#11 D:\xampp7\htdocs\yiidemo\framework\web\CController.php(265): PostController->runActionWithFilters()
#12 D:\xampp7\htdocs\yiidemo\framework\web\CWebApplication.php(282): PostController->run()
#13 D:\xampp7\htdocs\yiidemo\framework\web\CWebApplication.php(141): CWebApplication->runController()
#14 D:\xampp7\htdocs\yiidemo\framework\base\CApplication.php(185): CWebApplication->processRequest()
#15 D:\xampp7\htdocs\yiidemo\blog\index.php(11): CWebApplication->run()
REQUEST_URI=/yiidemo/blog/index.php/post/index
2023/05/08 16:13:06 [error] [php] Declaration of Post::Insert($table, $fieldArray) should be compatible with CActiveRecord::insert($attributes = NULL) (D:\xampp7\htdocs\yiidemo\blog\protected\models\Post.php:14)
Stack trace:
#0 D:\xampp7\htdocs\yiidemo\framework\YiiBase.php(463): include()
#1 unknown(0): autoload()
#2 D:\xampp7\htdocs\yiidemo\blog\protected\controllers\PostController.php(120): spl_autoload_call()
#3 D:\xampp7\htdocs\yiidemo\framework\web\actions\CInlineAction.php(49): PostController->actionIndex()
#4 D:\xampp7\htdocs\yiidemo\framework\web\CController.php(308): CInlineAction->runWithParams()
#5 D:\xampp7\htdocs\yiidemo\framework\web\filters\CFilterChain.php(134): PostController->runAction()
#6 D:\xampp7\htdocs\yiidemo\framework\web\filters\CFilter.php(40): CFilterChain->run()
#7 D:\xampp7\htdocs\yiidemo\framework\web\CController.php(1148): CAccessControlFilter->filter()
#8 D:\xampp7\htdocs\yiidemo\framework\web\filters\CInlineFilter.php(58): PostController->filterAccessControl()
#9 D:\xampp7\htdocs\yiidemo\framework\web\filters\CFilterChain.php(131): CInlineFilter->filter()
#10 D:\xampp7\htdocs\yiidemo\framework\web\CController.php(291): CFilterChain->run()
#11 D:\xampp7\htdocs\yiidemo\framework\web\CController.php(265): PostController->runActionWithFilters()
#12 D:\xampp7\htdocs\yiidemo\framework\web\CWebApplication.php(282): PostController->run()
#13 D:\xampp7\htdocs\yiidemo\framework\web\CWebApplication.php(141): CWebApplication->runController()
#14 D:\xampp7\htdocs\yiidemo\framework\base\CApplication.php(185): CWebApplication->processRequest()
#15 D:\xampp7\htdocs\yiidemo\blog\index.php(11): CWebApplication->run()
REQUEST_URI=/yiidemo/blog/index.php
2023/05/08 16:16:26 [error] [php] Declaration of Post::Insert($table, $fieldArray) should be compatible with CActiveRecord::insert($attributes = NULL) (D:\xampp7\htdocs\yiidemo\blog\protected\models\Post.php:14)
Stack trace:
#0 D:\xampp7\htdocs\yiidemo\framework\YiiBase.php(463): include()
#1 unknown(0): autoload()
#2 D:\xampp7\htdocs\yiidemo\blog\protected\components\MicrosoftLogin.php(15): spl_autoload_call()
#3 D:\xampp7\htdocs\yiidemo\blog\protected\controllers\SiteController.php(68): MicrosoftLogin->getmsLoginurl()
#4 D:\xampp7\htdocs\yiidemo\framework\web\actions\CInlineAction.php(49): SiteController->actionLogin()
#5 D:\xampp7\htdocs\yiidemo\framework\web\CController.php(308): CInlineAction->runWithParams()
#6 D:\xampp7\htdocs\yiidemo\framework\web\CController.php(286): SiteController->runAction()
#7 D:\xampp7\htdocs\yiidemo\framework\web\CController.php(265): SiteController->runActionWithFilters()
#8 D:\xampp7\htdocs\yiidemo\framework\web\CWebApplication.php(282): SiteController->run()
#9 D:\xampp7\htdocs\yiidemo\framework\web\CWebApplication.php(141): CWebApplication->runController()
#10 D:\xampp7\htdocs\yiidemo\framework\base\CApplication.php(185): CWebApplication->processRequest()
#11 D:\xampp7\htdocs\yiidemo\blog\index.php(11): CWebApplication->run()
REQUEST_URI=/yiidemo/blog/index.php/site/login
2023/05/08 16:18:15 [error] [php] Use of undefined constant _URL - assumed '_URL' (this will throw an Error in a future version of PHP) (D:\xampp7\htdocs\yiidemo\blog\protected\components\MicrosoftLogin.php:19)
Stack trace:
#0 D:\xampp7\htdocs\yiidemo\blog\protected\controllers\SiteController.php(68): MicrosoftLogin->getmsLoginurl()
#1 D:\xampp7\htdocs\yiidemo\framework\web\actions\CInlineAction.php(49): SiteController->actionLogin()
#2 D:\xampp7\htdocs\yiidemo\framework\web\CController.php(308): CInlineAction->runWithParams()
#3 D:\xampp7\htdocs\yiidemo\framework\web\CController.php(286): SiteController->runAction()
#4 D:\xampp7\htdocs\yiidemo\framework\web\CController.php(265): SiteController->runActionWithFilters()
#5 D:\xampp7\htdocs\yiidemo\framework\web\CWebApplication.php(282): SiteController->run()
#6 D:\xampp7\htdocs\yiidemo\framework\web\CWebApplication.php(141): CWebApplication->runController()
#7 D:\xampp7\htdocs\yiidemo\framework\base\CApplication.php(185): CWebApplication->processRequest()
#8 D:\xampp7\htdocs\yiidemo\blog\index.php(11): CWebApplication->run()
REQUEST_URI=/yiidemo/blog/index.php/site/login
2023/05/08 16:20:22 [error] [exception.CDbException] CDbException: The active record cannot be inserted to database because it is not new. in D:\xampp7\htdocs\yiidemo\framework\db\ar\CActiveRecord.php:1076
Stack trace:
#0 D:\xampp7\htdocs\yiidemo\blog\protected\components\MicrosoftLogin.php(84): CActiveRecord->insert('tblAuthSessions', Array)
#1 D:\xampp7\htdocs\yiidemo\blog\protected\controllers\SiteController.php(68): MicrosoftLogin->getmsLoginurl()
#2 D:\xampp7\htdocs\yiidemo\framework\web\actions\CInlineAction.php(49): SiteController->actionLogin()
#3 D:\xampp7\htdocs\yiidemo\framework\web\CController.php(308): CInlineAction->runWithParams(Array)
#4 D:\xampp7\htdocs\yiidemo\framework\web\CController.php(286): CController->runAction(Object(CInlineAction))
#5 D:\xampp7\htdocs\yiidemo\framework\web\CController.php(265): CController->runActionWithFilters(Object(CInlineAction), Array)
#6 D:\xampp7\htdocs\yiidemo\framework\web\CWebApplication.php(282): CController->run('login')
#7 D:\xampp7\htdocs\yiidemo\framework\web\CWebApplication.php(141): CWebApplication->runController('site/login')
#8 D:\xampp7\htdocs\yiidemo\framework\base\CApplication.php(185): CWebApplication->processRequest()
#9 D:\xampp7\htdocs\yiidemo\blog\index.php(11): CApplication->run()
#10 {main}
REQUEST_URI=/yiidemo/blog/index.php/site/login
HTTP_REFERER=https://localhost/yiidemo/blog/index.php/site/login
---
2023/05/08 16:20:28 [error] [exception.CException] CException: Post and its behaviors do not have a method or closure named "Escape". in D:\xampp7\htdocs\yiidemo\framework\base\CComponent.php:266
Stack trace:
#0 D:\xampp7\htdocs\yiidemo\framework\db\ar\CActiveRecord.php(229): CComponent->__call('Escape', Array)
#1 D:\xampp7\htdocs\yiidemo\blog\protected\components\MicrosoftLogin.php(24): CActiveRecord->__call('Escape', Array)
#2 D:\xampp7\htdocs\yiidemo\blog\protected\controllers\SiteController.php(68): MicrosoftLogin->getmsLoginurl()
#3 D:\xampp7\htdocs\yiidemo\framework\web\actions\CInlineAction.php(49): SiteController->actionLogin()
#4 D:\xampp7\htdocs\yiidemo\framework\web\CController.php(308): CInlineAction->runWithParams(Array)
#5 D:\xampp7\htdocs\yiidemo\framework\web\CController.php(286): CController->runAction(Object(CInlineAction))
#6 D:\xampp7\htdocs\yiidemo\framework\web\CController.php(265): CController->runActionWithFilters(Object(CInlineAction), Array)
#7 D:\xampp7\htdocs\yiidemo\framework\web\CWebApplication.php(282): CController->run('login')
#8 D:\xampp7\htdocs\yiidemo\framework\web\CWebApplication.php(141): CWebApplication->runController('site/login')
#9 D:\xampp7\htdocs\yiidemo\framework\base\CApplication.php(185): CWebApplication->processRequest()
#10 D:\xampp7\htdocs\yiidemo\blog\index.php(11): CApplication->run()
#11 {main}
REQUEST_URI=/yiidemo/blog/index.php/site/login
HTTP_REFERER=https://localhost/yiidemo/blog/index.php/site/login
---
2023/05/08 16:20:29 [error] [exception.CException] CException: Post and its behaviors do not have a method or closure named "Escape". in D:\xampp7\htdocs\yiidemo\framework\base\CComponent.php:266
Stack trace:
#0 D:\xampp7\htdocs\yiidemo\framework\db\ar\CActiveRecord.php(229): CComponent->__call('Escape', Array)
#1 D:\xampp7\htdocs\yiidemo\blog\protected\components\MicrosoftLogin.php(24): CActiveRecord->__call('Escape', Array)
#2 D:\xampp7\htdocs\yiidemo\blog\protected\controllers\SiteController.php(68): MicrosoftLogin->getmsLoginurl()
#3 D:\xampp7\htdocs\yiidemo\framework\web\actions\CInlineAction.php(49): SiteController->actionLogin()
#4 D:\xampp7\htdocs\yiidemo\framework\web\CController.php(308): CInlineAction->runWithParams(Array)
#5 D:\xampp7\htdocs\yiidemo\framework\web\CController.php(286): CController->runAction(Object(CInlineAction))
#6 D:\xampp7\htdocs\yiidemo\framework\web\CController.php(265): CController->runActionWithFilters(Object(CInlineAction), Array)
#7 D:\xampp7\htdocs\yiidemo\framework\web\CWebApplication.php(282): CController->run('login')
#8 D:\xampp7\htdocs\yiidemo\framework\web\CWebApplication.php(141): CWebApplication->runController('site/login')
#9 D:\xampp7\htdocs\yiidemo\framework\base\CApplication.php(185): CWebApplication->processRequest()
#10 D:\xampp7\htdocs\yiidemo\blog\index.php(11): CApplication->run()
#11 {main}
REQUEST_URI=/yiidemo/blog/index.php/site/login
HTTP_REFERER=https://localhost/yiidemo/blog/index.php/site/login
---
2023/05/08 16:20:29 [error] [exception.CException] CException: Post and its behaviors do not have a method or closure named "Escape". in D:\xampp7\htdocs\yiidemo\framework\base\CComponent.php:266
Stack trace:
#0 D:\xampp7\htdocs\yiidemo\framework\db\ar\CActiveRecord.php(229): CComponent->__call('Escape', Array)
#1 D:\xampp7\htdocs\yiidemo\blog\protected\components\MicrosoftLogin.php(24): CActiveRecord->__call('Escape', Array)
#2 D:\xampp7\htdocs\yiidemo\blog\protected\controllers\SiteController.php(68): MicrosoftLogin->getmsLoginurl()
#3 D:\xampp7\htdocs\yiidemo\framework\web\actions\CInlineAction.php(49): SiteController->actionLogin()
#4 D:\xampp7\htdocs\yiidemo\framework\web\CController.php(308): CInlineAction->runWithParams(Array)
#5 D:\xampp7\htdocs\yiidemo\framework\web\CController.php(286): CController->runAction(Object(CInlineAction))
#6 D:\xampp7\htdocs\yiidemo\framework\web\CController.php(265): CController->runActionWithFilters(Object(CInlineAction), Array)
#7 D:\xampp7\htdocs\yiidemo\framework\web\CWebApplication.php(282): CController->run('login')
#8 D:\xampp7\htdocs\yiidemo\framework\web\CWebApplication.php(141): CWebApplication->runController('site/login')
#9 D:\xampp7\htdocs\yiidemo\framework\base\CApplication.php(185): CWebApplication->processRequest()
#10 D:\xampp7\htdocs\yiidemo\blog\index.php(11): CApplication->run()
#11 {main}
REQUEST_URI=/yiidemo/blog/index.php/site/login
HTTP_REFERER=https://localhost/yiidemo/blog/index.php/site/login
---
2023/05/08 16:20:29 [error] [exception.CException] CException: Post and its behaviors do not have a method or closure named "Escape". in D:\xampp7\htdocs\yiidemo\framework\base\CComponent.php:266
Stack trace:
#0 D:\xampp7\htdocs\yiidemo\framework\db\ar\CActiveRecord.php(229): CComponent->__call('Escape', Array)
#1 D:\xampp7\htdocs\yiidemo\blog\protected\components\MicrosoftLogin.php(24): CActiveRecord->__call('Escape', Array)
#2 D:\xampp7\htdocs\yiidemo\blog\protected\controllers\SiteController.php(68): MicrosoftLogin->getmsLoginurl()
#3 D:\xampp7\htdocs\yiidemo\framework\web\actions\CInlineAction.php(49): SiteController->actionLogin()
#4 D:\xampp7\htdocs\yiidemo\framework\web\CController.php(308): CInlineAction->runWithParams(Array)
#5 D:\xampp7\htdocs\yiidemo\framework\web\CController.php(286): CController->runAction(Object(CInlineAction))
#6 D:\xampp7\htdocs\yiidemo\framework\web\CController.php(265): CController->runActionWithFilters(Object(CInlineAction), Array)
#7 D:\xampp7\htdocs\yiidemo\framework\web\CWebApplication.php(282): CController->run('login')
#8 D:\xampp7\htdocs\yiidemo\framework\web\CWebApplication.php(141): CWebApplication->runController('site/login')
#9 D:\xampp7\htdocs\yiidemo\framework\base\CApplication.php(185): CWebApplication->processRequest()
#10 D:\xampp7\htdocs\yiidemo\blog\index.php(11): CApplication->run()
#11 {main}
REQUEST_URI=/yiidemo/blog/index.php/site/login
HTTP_REFERER=https://localhost/yiidemo/blog/index.php/site/login
---
2023/05/08 16:20:29 [error] [exception.CException] CException: Post and its behaviors do not have a method or closure named "Escape". in D:\xampp7\htdocs\yiidemo\framework\base\CComponent.php:266
Stack trace:
#0 D:\xampp7\htdocs\yiidemo\framework\db\ar\CActiveRecord.php(229): CComponent->__call('Escape', Array)
#1 D:\xampp7\htdocs\yiidemo\blog\protected\components\MicrosoftLogin.php(24): CActiveRecord->__call('Escape', Array)
#2 D:\xampp7\htdocs\yiidemo\blog\protected\controllers\SiteController.php(68): MicrosoftLogin->getmsLoginurl()
#3 D:\xampp7\htdocs\yiidemo\framework\web\actions\CInlineAction.php(49): SiteController->actionLogin()
#4 D:\xampp7\htdocs\yiidemo\framework\web\CController.php(308): CInlineAction->runWithParams(Array)
#5 D:\xampp7\htdocs\yiidemo\framework\web\CController.php(286): CController->runAction(Object(CInlineAction))
#6 D:\xampp7\htdocs\yiidemo\framework\web\CController.php(265): CController->runActionWithFilters(Object(CInlineAction), Array)
#7 D:\xampp7\htdocs\yiidemo\framework\web\CWebApplication.php(282): CController->run('login')
#8 D:\xampp7\htdocs\yiidemo\framework\web\CWebApplication.php(141): CWebApplication->runController('site/login')
#9 D:\xampp7\htdocs\yiidemo\framework\base\CApplication.php(185): CWebApplication->processRequest()
#10 D:\xampp7\htdocs\yiidemo\blog\index.php(11): CApplication->run()
#11 {main}
REQUEST_URI=/yiidemo/blog/index.php/site/login
HTTP_REFERER=https://localhost/yiidemo/blog/index.php/site/login
---
2023/05/08 16:22:31 [error] [exception.Error] Error: Access to undeclared static property: Yii::$app in D:\xampp7\htdocs\yiidemo\blog\protected\models\Post.php:185
Stack trace:
#0 D:\xampp7\htdocs\yiidemo\blog\protected\components\MicrosoftLogin.php(24): Post->QuerySingle('SELECT * FROM t...')
#1 D:\xampp7\htdocs\yiidemo\blog\protected\controllers\SiteController.php(68): MicrosoftLogin->getmsLoginurl()
#2 D:\xampp7\htdocs\yiidemo\framework\web\actions\CInlineAction.php(49): SiteController->actionLogin()
#3 D:\xampp7\htdocs\yiidemo\framework\web\CController.php(308): CInlineAction->runWithParams(Array)
#4 D:\xampp7\htdocs\yiidemo\framework\web\CController.php(286): CController->runAction(Object(CInlineAction))
#5 D:\xampp7\htdocs\yiidemo\framework\web\CController.php(265): CController->runActionWithFilters(Object(CInlineAction), Array)
#6 D:\xampp7\htdocs\yiidemo\framework\web\CWebApplication.php(282): CController->run('login')
#7 D:\xampp7\htdocs\yiidemo\framework\web\CWebApplication.php(141): CWebApplication->runController('site/login')
#8 D:\xampp7\htdocs\yiidemo\framework\base\CApplication.php(185): CWebApplication->processRequest()
#9 D:\xampp7\htdocs\yiidemo\blog\index.php(11): CApplication->run()
#10 {main}
REQUEST_URI=/yiidemo/blog/index.php/site/login
HTTP_REFERER=https://localhost/yiidemo/blog/index.php/site/login
---
2023/05/08 16:24:41 [error] [system.db.CDbCommand] Error in preparing SQL: SELECT * FROM tblAuthSessions WHERE txtSessionKey = '975696e0-4093-4532-915a-ad2d194666a2'
2023/05/08 16:24:41 [error] [system.db.CDbCommand] CDbCommand::fetch() failed: CDbCommand failed to prepare the SQL statement: SQLSTATE[HY000]: General error: 1 no such table: tblAuthSessions. The SQL statement executed was: SELECT * FROM tblAuthSessions WHERE txtSessionKey = '975696e0-4093-4532-915a-ad2d194666a2'.
2023/05/08 16:24:41 [error] [exception.CDbException] CDbException: CDbCommand failed to execute the SQL statement: CDbCommand failed to prepare the SQL statement: SQLSTATE[HY000]: General error: 1 no such table: tblAuthSessions in D:\xampp7\htdocs\yiidemo\framework\db\CDbCommand.php:543
Stack trace:
#0 D:\xampp7\htdocs\yiidemo\framework\db\CDbCommand.php(415): CDbCommand->queryInternal('fetch', Array, Array)
#1 D:\xampp7\htdocs\yiidemo\blog\protected\models\Post.php(185): CDbCommand->queryRow()
#2 D:\xampp7\htdocs\yiidemo\blog\protected\components\MicrosoftLogin.php(24): Post->QuerySingle('SELECT * FROM t...')
#3 D:\xampp7\htdocs\yiidemo\blog\protected\controllers\SiteController.php(68): MicrosoftLogin->getmsLoginurl()
#4 D:\xampp7\htdocs\yiidemo\framework\web\actions\CInlineAction.php(49): SiteController->actionLogin()
#5 D:\xampp7\htdocs\yiidemo\framework\web\CController.php(308): CInlineAction->runWithParams(Array)
#6 D:\xampp7\htdocs\yiidemo\framework\web\CController.php(286): CController->runAction(Object(CInlineAction))
#7 D:\xampp7\htdocs\yiidemo\framework\web\CController.php(265): CController->runActionWithFilters(Object(CInlineAction), Array)
#8 D:\xampp7\htdocs\yiidemo\framework\web\CWebApplication.php(282): CController->run('login')
#9 D:\xampp7\htdocs\yiidemo\framework\web\CWebApplication.php(141): CWebApplication->runController('site/login')
#10 D:\xampp7\htdocs\yiidemo\framework\base\CApplication.php(185): CWebApplication->processRequest()
#11 D:\xampp7\htdocs\yiidemo\blog\index.php(11): CApplication->run()
#12 {main}
REQUEST_URI=/yiidemo/blog/index.php/site/login
HTTP_REFERER=https://localhost/yiidemo/blog/index.php/site/login
---
2023/05/08 16:31:35 [error] [system.db.CDbCommand] CDbCommand::fetchAll() failed: SQLSTATE[42S02]: Base table or view not found: 1146 Table 'test.post' doesn't exist. The SQL statement executed was: SHOW FULL COLUMNS FROM `post`.
2023/05/08 16:31:35 [error] [exception.CDbException] CDbException: The table "{{post}}" for active record class "Post" cannot be found in the database. in D:\xampp7\htdocs\yiidemo\framework\db\ar\CActiveRecord.php:2391
Stack trace:
#0 D:\xampp7\htdocs\yiidemo\framework\db\ar\CActiveRecord.php(413): CActiveRecordMetaData->__construct(Object(Post))
#1 D:\xampp7\htdocs\yiidemo\framework\db\ar\CActiveRecord.php(663): CActiveRecord->getMetaData()
#2 D:\xampp7\htdocs\yiidemo\framework\db\ar\CActiveFinder.php(393): CActiveRecord->getTableSchema()
#3 D:\xampp7\htdocs\yiidemo\framework\db\ar\CActiveFinder.php(47): CJoinElement->__construct(Object(CActiveFinder), Object(Post))
#4 D:\xampp7\htdocs\yiidemo\framework\db\ar\CActiveRecord.php(915): CActiveFinder->__construct(Object(Post), 'commentCount')
#5 D:\xampp7\htdocs\yiidemo\framework\db\ar\CActiveRecord.php(1612): CActiveRecord->getActiveFinder('commentCount')
#6 D:\xampp7\htdocs\yiidemo\framework\web\CActiveDataProvider.php(228): CActiveRecord->count(Object(CDbCriteria))
#7 D:\xampp7\htdocs\yiidemo\framework\web\CDataProvider.php(224): CActiveDataProvider->calculateTotalItemCount()
#8 D:\xampp7\htdocs\yiidemo\framework\web\CActiveDataProvider.php(178): CDataProvider->getTotalItemCount()
#9 D:\xampp7\htdocs\yiidemo\framework\web\CDataProvider.php(168): CActiveDataProvider->fetchData()
#10 D:\xampp7\htdocs\yiidemo\framework\zii\widgets\CBaseListView.php(125): CDataProvider->getData()
#11 D:\xampp7\htdocs\yiidemo\framework\zii\widgets\CListView.php(211): CBaseListView->init()
#12 D:\xampp7\htdocs\yiidemo\framework\web\CBaseController.php(147): CListView->init()
#13 D:\xampp7\htdocs\yiidemo\framework\web\CBaseController.php(181): CBaseController->createWidget('zii.widgets.CLi...', Array)
#14 D:\xampp7\htdocs\yiidemo\blog\protected\views\post\index.php(8): CBaseController->widget('zii.widgets.CLi...', Array)
#15 D:\xampp7\htdocs\yiidemo\framework\web\CBaseController.php(126): require('D:\\xampp7\\htdoc...')
#16 D:\xampp7\htdocs\yiidemo\framework\web\CBaseController.php(95): CBaseController->renderInternal('D:\\xampp7\\htdoc...', Array, true)
#17 D:\xampp7\htdocs\yiidemo\framework\web\CController.php(872): CBaseController->renderFile('D:\\xampp7\\htdoc...', Array, true)
#18 D:\xampp7\htdocs\yiidemo\framework\web\CController.php(785): CController->renderPartial('index', Array, true)
#19 D:\xampp7\htdocs\yiidemo\blog\protected\controllers\PostController.php(135): CController->render('index', Array)
#20 D:\xampp7\htdocs\yiidemo\framework\web\actions\CInlineAction.php(49): PostController->actionIndex()
#21 D:\xampp7\htdocs\yiidemo\framework\web\CController.php(308): CInlineAction->runWithParams(Array)
#22 D:\xampp7\htdocs\yiidemo\framework\web\filters\CFilterChain.php(134): CController->runAction(Object(CInlineAction))
#23 D:\xampp7\htdocs\yiidemo\framework\web\filters\CFilter.php(40): CFilterChain->run()
#24 D:\xampp7\htdocs\yiidemo\framework\web\CController.php(1148): CFilter->filter(Object(CFilterChain))
#25 D:\xampp7\htdocs\yiidemo\framework\web\filters\CInlineFilter.php(58): CController->filterAccessControl(Object(CFilterChain))
#26 D:\xampp7\htdocs\yiidemo\framework\web\filters\CFilterChain.php(131): CInlineFilter->filter(Object(CFilterChain))
#27 D:\xampp7\htdocs\yiidemo\framework\web\CController.php(291): CFilterChain->run()
#28 D:\xampp7\htdocs\yiidemo\framework\web\CController.php(265): CController->runActionWithFilters(Object(CInlineAction), Array)
#29 D:\xampp7\htdocs\yiidemo\framework\web\CWebApplication.php(282): CController->run('')
#30 D:\xampp7\htdocs\yiidemo\framework\web\CWebApplication.php(141): CWebApplication->runController('')
#31 D:\xampp7\htdocs\yiidemo\framework\base\CApplication.php(185): CWebApplication->processRequest()
#32 D:\xampp7\htdocs\yiidemo\blog\index.php(11): CApplication->run()
#33 {main}
REQUEST_URI=/yiidemo/blog/
HTTP_REFERER=https://localhost/yiidemo/
---
2023/05/08 16:35:44 [error] [system.db.CDbCommand] CDbCommand::fetchAll() failed: SQLSTATE[42S02]: Base table or view not found: 1146 Table 'test.post' doesn't exist. The SQL statement executed was: SHOW FULL COLUMNS FROM `post`.
2023/05/08 16:35:44 [error] [exception.CDbException] CDbException: The table "{{post}}" for active record class "Post" cannot be found in the database. in D:\xampp7\htdocs\yiidemo\framework\db\ar\CActiveRecord.php:2391
Stack trace:
#0 D:\xampp7\htdocs\yiidemo\framework\db\ar\CActiveRecord.php(413): CActiveRecordMetaData->__construct(Object(Post))
#1 D:\xampp7\htdocs\yiidemo\framework\db\ar\CActiveRecord.php(214): CActiveRecord->getMetaData()
#2 D:\xampp7\htdocs\yiidemo\blog\oauth.php(23): CActiveRecord->__call('Escape', Array)
#3 {main}
REQUEST_URI=/yiidemo/blog/oauth.php?code=M.C107_BAY.2.083de6d0-42da-506f-ebdc-b48c32bd7cc5
HTTP_REFERER=https://login.microsoftonline.com/
---
2023/05/08 16:36:40 [error] [php] Undefined property: stdClass::$error (D:\xampp7\htdocs\yiidemo\blog\oauth.php:38)
Stack trace:
REQUEST_URI=/yiidemo/blog/oauth.php?code=M.C107_BAY.2.083de6d0-42da-506f-ebdc-b48c32bd7cc5
2023/05/08 16:38:37 [error] [system.db.CDbCommand] CDbCommand::fetchAll() failed: SQLSTATE[42S02]: Base table or view not found: 1146 Table 'test.post' doesn't exist. The SQL statement executed was: SHOW FULL COLUMNS FROM `post`.
2023/05/08 16:38:37 [error] [exception.CDbException] CDbException: The table "{{post}}" for active record class "Post" cannot be found in the database. in D:\xampp7\htdocs\yiidemo\framework\db\ar\CActiveRecord.php:2391
Stack trace:
#0 D:\xampp7\htdocs\yiidemo\framework\db\ar\CActiveRecord.php(413): CActiveRecordMetaData->__construct(Object(Post))
#1 D:\xampp7\htdocs\yiidemo\framework\db\ar\CActiveRecord.php(663): CActiveRecord->getMetaData()
#2 D:\xampp7\htdocs\yiidemo\framework\db\ar\CActiveFinder.php(393): CActiveRecord->getTableSchema()
#3 D:\xampp7\htdocs\yiidemo\framework\db\ar\CActiveFinder.php(47): CJoinElement->__construct(Object(CActiveFinder), Object(Post))
#4 D:\xampp7\htdocs\yiidemo\framework\db\ar\CActiveRecord.php(915): CActiveFinder->__construct(Object(Post), 'commentCount')
#5 D:\xampp7\htdocs\yiidemo\framework\db\ar\CActiveRecord.php(1612): CActiveRecord->getActiveFinder('commentCount')
#6 D:\xampp7\htdocs\yiidemo\framework\web\CActiveDataProvider.php(228): CActiveRecord->count(Object(CDbCriteria))
#7 D:\xampp7\htdocs\yiidemo\framework\web\CDataProvider.php(224): CActiveDataProvider->calculateTotalItemCount()
#8 D:\xampp7\htdocs\yiidemo\framework\web\CActiveDataProvider.php(178): CDataProvider->getTotalItemCount()
#9 D:\xampp7\htdocs\yiidemo\framework\web\CDataProvider.php(168): CActiveDataProvider->fetchData()
#10 D:\xampp7\htdocs\yiidemo\framework\zii\widgets\CBaseListView.php(125): CDataProvider->getData()
#11 D:\xampp7\htdocs\yiidemo\framework\zii\widgets\CListView.php(211): CBaseListView->init()
#12 D:\xampp7\htdocs\yiidemo\framework\web\CBaseController.php(147): CListView->init()
#13 D:\xampp7\htdocs\yiidemo\framework\web\CBaseController.php(181): CBaseController->createWidget('zii.widgets.CLi...', Array)
#14 D:\xampp7\htdocs\yiidemo\blog\protected\views\post\index.php(8): CBaseController->widget('zii.widgets.CLi...', Array)
#15 D:\xampp7\htdocs\yiidemo\framework\web\CBaseController.php(126): require('D:\\xampp7\\htdoc...')
#16 D:\xampp7\htdocs\yiidemo\framework\web\CBaseController.php(95): CBaseController->renderInternal('D:\\xampp7\\htdoc...', Array, true)
#17 D:\xampp7\htdocs\yiidemo\framework\web\CController.php(872): CBaseController->renderFile('D:\\xampp7\\htdoc...', Array, true)
#18 D:\xampp7\htdocs\yiidemo\framework\web\CController.php(785): CController->renderPartial('index', Array, true)
#19 D:\xampp7\htdocs\yiidemo\blog\protected\controllers\PostController.php(135): CController->render('index', Array)
#20 D:\xampp7\htdocs\yiidemo\framework\web\actions\CInlineAction.php(49): PostController->actionIndex()
#21 D:\xampp7\htdocs\yiidemo\framework\web\CController.php(308): CInlineAction->runWithParams(Array)
#22 D:\xampp7\htdocs\yiidemo\framework\web\filters\CFilterChain.php(134): CController->runAction(Object(CInlineAction))
#23 D:\xampp7\htdocs\yiidemo\framework\web\filters\CFilter.php(40): CFilterChain->run()
#24 D:\xampp7\htdocs\yiidemo\framework\web\CController.php(1148): CFilter->filter(Object(CFilterChain))
#25 D:\xampp7\htdocs\yiidemo\framework\web\filters\CInlineFilter.php(58): CController->filterAccessControl(Object(CFilterChain))
#26 D:\xampp7\htdocs\yiidemo\framework\web\filters\CFilterChain.php(131): CInlineFilter->filter(Object(CFilterChain))
#27 D:\xampp7\htdocs\yiidemo\framework\web\CController.php(291): CFilterChain->run()
#28 D:\xampp7\htdocs\yiidemo\framework\web\CController.php(265): CController->runActionWithFilters(Object(CInlineAction), Array)
#29 D:\xampp7\htdocs\yiidemo\framework\web\CWebApplication.php(282): CController->run('')
#30 D:\xampp7\htdocs\yiidemo\framework\web\CWebApplication.php(141): CWebApplication->runController('')
#31 D:\xampp7\htdocs\yiidemo\framework\base\CApplication.php(185): CWebApplication->processRequest()
#32 D:\xampp7\htdocs\yiidemo\blog\index.php(11): CApplication->run()
#33 {main}
REQUEST_URI=/yiidemo/blog/
---
2023/05/08 16:39:09 [error] [system.db.CDbCommand] CDbCommand::fetchAll() failed: SQLSTATE[42S02]: Base table or view not found: 1146 Table 'test.post' doesn't exist. The SQL statement executed was: SHOW FULL COLUMNS FROM `post`.
2023/05/08 16:39:09 [error] [exception.CDbException] CDbException: The table "{{post}}" for active record class "Post" cannot be found in the database. in D:\xampp7\htdocs\yiidemo\framework\db\ar\CActiveRecord.php:2391
Stack trace:
#0 D:\xampp7\htdocs\yiidemo\framework\db\ar\CActiveRecord.php(413): CActiveRecordMetaData->__construct(Object(Post))
#1 D:\xampp7\htdocs\yiidemo\framework\db\ar\CActiveRecord.php(663): CActiveRecord->getMetaData()
#2 D:\xampp7\htdocs\yiidemo\framework\db\ar\CActiveFinder.php(393): CActiveRecord->getTableSchema()
#3 D:\xampp7\htdocs\yiidemo\framework\db\ar\CActiveFinder.php(47): CJoinElement->__construct(Object(CActiveFinder), Object(Post))
#4 D:\xampp7\htdocs\yiidemo\framework\db\ar\CActiveRecord.php(915): CActiveFinder->__construct(Object(Post), 'commentCount')
#5 D:\xampp7\htdocs\yiidemo\framework\db\ar\CActiveRecord.php(1612): CActiveRecord->getActiveFinder('commentCount')
#6 D:\xampp7\htdocs\yiidemo\framework\web\CActiveDataProvider.php(228): CActiveRecord->count(Object(CDbCriteria))
#7 D:\xampp7\htdocs\yiidemo\framework\web\CDataProvider.php(224): CActiveDataProvider->calculateTotalItemCount()
#8 D:\xampp7\htdocs\yiidemo\framework\web\CActiveDataProvider.php(178): CDataProvider->getTotalItemCount()
#9 D:\xampp7\htdocs\yiidemo\framework\web\CDataProvider.php(168): CActiveDataProvider->fetchData()
#10 D:\xampp7\htdocs\yiidemo\framework\zii\widgets\CBaseListView.php(125): CDataProvider->getData()
#11 D:\xampp7\htdocs\yiidemo\framework\zii\widgets\CListView.php(211): CBaseListView->init()
#12 D:\xampp7\htdocs\yiidemo\framework\web\CBaseController.php(147): CListView->init()
#13 D:\xampp7\htdocs\yiidemo\framework\web\CBaseController.php(181): CBaseController->createWidget('zii.widgets.CLi...', Array)
#14 D:\xampp7\htdocs\yiidemo\blog\protected\views\post\index.php(8): CBaseController->widget('zii.widgets.CLi...', Array)
#15 D:\xampp7\htdocs\yiidemo\framework\web\CBaseController.php(126): require('D:\\xampp7\\htdoc...')
#16 D:\xampp7\htdocs\yiidemo\framework\web\CBaseController.php(95): CBaseController->renderInternal('D:\\xampp7\\htdoc...', Array, true)
#17 D:\xampp7\htdocs\yiidemo\framework\web\CController.php(872): CBaseController->renderFile('D:\\xampp7\\htdoc...', Array, true)
#18 D:\xampp7\htdocs\yiidemo\framework\web\CController.php(785): CController->renderPartial('index', Array, true)
#19 D:\xampp7\htdocs\yiidemo\blog\protected\controllers\PostController.php(135): CController->render('index', Array)
#20 D:\xampp7\htdocs\yiidemo\framework\web\actions\CInlineAction.php(49): PostController->actionIndex()
#21 D:\xampp7\htdocs\yiidemo\framework\web\CController.php(308): CInlineAction->runWithParams(Array)
#22 D:\xampp7\htdocs\yiidemo\framework\web\filters\CFilterChain.php(134): CController->runAction(Object(CInlineAction))
#23 D:\xampp7\htdocs\yiidemo\framework\web\filters\CFilter.php(40): CFilterChain->run()
#24 D:\xampp7\htdocs\yiidemo\framework\web\CController.php(1148): CFilter->filter(Object(CFilterChain))
#25 D:\xampp7\htdocs\yiidemo\framework\web\filters\CInlineFilter.php(58): CController->filterAccessControl(Object(CFilterChain))
#26 D:\xampp7\htdocs\yiidemo\framework\web\filters\CFilterChain.php(131): CInlineFilter->filter(Object(CFilterChain))
#27 D:\xampp7\htdocs\yiidemo\framework\web\CController.php(291): CFilterChain->run()
#28 D:\xampp7\htdocs\yiidemo\framework\web\CController.php(265): CController->runActionWithFilters(Object(CInlineAction), Array)
#29 D:\xampp7\htdocs\yiidemo\framework\web\CWebApplication.php(282): CController->run('')
#30 D:\xampp7\htdocs\yiidemo\framework\web\CWebApplication.php(141): CWebApplication->runController('')
#31 D:\xampp7\htdocs\yiidemo\framework\base\CApplication.php(185): CWebApplication->processRequest()
#32 D:\xampp7\htdocs\yiidemo\blog\index.php(11): CApplication->run()
#33 {main}
REQUEST_URI=/yiidemo/blog/
HTTP_REFERER=https://login.microsoftonline.com/
---
2023/05/11 06:59:08 [error] [system.db.CDbCommand] CDbCommand::fetchAll() failed: SQLSTATE[42S02]: Base table or view not found: 1146 Table 'test.post' doesn't exist. The SQL statement executed was: SHOW FULL COLUMNS FROM `post`.
2023/05/11 06:59:08 [error] [exception.CDbException] CDbException: The table "{{post}}" for active record class "Post" cannot be found in the database. in D:\xampp7\htdocs\yiidemo\framework\db\ar\CActiveRecord.php:2391
Stack trace:
#0 D:\xampp7\htdocs\yiidemo\framework\db\ar\CActiveRecord.php(413): CActiveRecordMetaData->__construct(Object(Post))
#1 D:\xampp7\htdocs\yiidemo\framework\db\ar\CActiveRecord.php(663): CActiveRecord->getMetaData()
#2 D:\xampp7\htdocs\yiidemo\framework\db\ar\CActiveFinder.php(393): CActiveRecord->getTableSchema()
#3 D:\xampp7\htdocs\yiidemo\framework\db\ar\CActiveFinder.php(47): CJoinElement->__construct(Object(CActiveFinder), Object(Post))
#4 D:\xampp7\htdocs\yiidemo\framework\db\ar\CActiveRecord.php(915): CActiveFinder->__construct(Object(Post), 'commentCount')
#5 D:\xampp7\htdocs\yiidemo\framework\db\ar\CActiveRecord.php(1612): CActiveRecord->getActiveFinder('commentCount')
#6 D:\xampp7\htdocs\yiidemo\framework\web\CActiveDataProvider.php(228): CActiveRecord->count(Object(CDbCriteria))
#7 D:\xampp7\htdocs\yiidemo\framework\web\CDataProvider.php(224): CActiveDataProvider->calculateTotalItemCount()
#8 D:\xampp7\htdocs\yiidemo\framework\web\CActiveDataProvider.php(178): CDataProvider->getTotalItemCount()
#9 D:\xampp7\htdocs\yiidemo\framework\web\CDataProvider.php(168): CActiveDataProvider->fetchData()
#10 D:\xampp7\htdocs\yiidemo\framework\zii\widgets\CBaseListView.php(125): CDataProvider->getData()
#11 D:\xampp7\htdocs\yiidemo\framework\zii\widgets\CListView.php(211): CBaseListView->init()
#12 D:\xampp7\htdocs\yiidemo\framework\web\CBaseController.php(147): CListView->init()
#13 D:\xampp7\htdocs\yiidemo\framework\web\CBaseController.php(181): CBaseController->createWidget('zii.widgets.CLi...', Array)
#14 D:\xampp7\htdocs\yiidemo\blog\protected\views\post\index.php(8): CBaseController->widget('zii.widgets.CLi...', Array)
#15 D:\xampp7\htdocs\yiidemo\framework\web\CBaseController.php(126): require('D:\\xampp7\\htdoc...')
#16 D:\xampp7\htdocs\yiidemo\framework\web\CBaseController.php(95): CBaseController->renderInternal('D:\\xampp7\\htdoc...', Array, true)
#17 D:\xampp7\htdocs\yiidemo\framework\web\CController.php(872): CBaseController->renderFile('D:\\xampp7\\htdoc...', Array, true)
#18 D:\xampp7\htdocs\yiidemo\framework\web\CController.php(785): CController->renderPartial('index', Array, true)
#19 D:\xampp7\htdocs\yiidemo\blog\protected\controllers\PostController.php(135): CController->render('index', Array)
#20 D:\xampp7\htdocs\yiidemo\framework\web\actions\CInlineAction.php(49): PostController->actionIndex()
#21 D:\xampp7\htdocs\yiidemo\framework\web\CController.php(308): CInlineAction->runWithParams(Array)
#22 D:\xampp7\htdocs\yiidemo\framework\web\filters\CFilterChain.php(134): CController->runAction(Object(CInlineAction))
#23 D:\xampp7\htdocs\yiidemo\framework\web\filters\CFilter.php(40): CFilterChain->run()
#24 D:\xampp7\htdocs\yiidemo\framework\web\CController.php(1148): CFilter->filter(Object(CFilterChain))
#25 D:\xampp7\htdocs\yiidemo\framework\web\filters\CInlineFilter.php(58): CController->filterAccessControl(Object(CFilterChain))
#26 D:\xampp7\htdocs\yiidemo\framework\web\filters\CFilterChain.php(131): CInlineFilter->filter(Object(CFilterChain))
#27 D:\xampp7\htdocs\yiidemo\framework\web\CController.php(291): CFilterChain->run()
#28 D:\xampp7\htdocs\yiidemo\framework\web\CController.php(265): CController->runActionWithFilters(Object(CInlineAction), Array)
#29 D:\xampp7\htdocs\yiidemo\framework\web\CWebApplication.php(282): CController->run('')
#30 D:\xampp7\htdocs\yiidemo\framework\web\CWebApplication.php(141): CWebApplication->runController('')
#31 D:\xampp7\htdocs\yiidemo\framework\base\CApplication.php(185): CWebApplication->processRequest()
#32 D:\xampp7\htdocs\yiidemo\blog\index.php(11): CApplication->run()
#33 {main}
REQUEST_URI=/yiidemo/blog/
HTTP_REFERER=https://localhost/yiidemo/
---
